<?xml version="1.0" encoding="UTF-8"?>
<testsuite xmlns:xsi="http://www.w3.org/2001/XMLSchema-instance" xsi:noNamespaceSchemaLocation="https://maven.apache.org/surefire/maven-surefire-plugin/xsd/surefire-test-report-3.0.xsd" version="3.0" name="com.app.quantitymeasurement.QuantityMeasurementAppApplicationTests" time="7.106" tests="6" errors="0" skipped="0" failures="0">
  <properties>
[...]
</properties>
  <testcase name="testGetHistoryByOperation" classname="com.app.quantitymeasurement.QuantityMeasurementAppApplicationTests" time="0.359">
    <system-out><![CDATA[2026-04-14T18:17:04.909+05:30  INFO 23320 --- [quantity-measurement-app] [           main] .b.t.c.SpringBootTestContextBootstrapper : Found @SpringBootConfiguration com.app.quantitymeasurement.QuantityMeasurementAppApplication for test class com.app.quantitymeasurement.QuantityMeasurementAppApplicationTests

  .   ____          _            __ _ _
 /\\ / ___'_ __ _ _(_)_ __  __ _ \ \ \ \
( ( )\___ | '_ | '_| | '_ \/ _` | \ \ \ \
 \\/  ___)| |_)| | | | | || (_| |  ) ) ) )
  '  |____| .__|_| |_|_| |_\__, | / / / /
 =========|_|==============|___/=/_/_/_/
 :: Spring Boot ::                (v3.2.3)

2026-04-14T18:17:04.966+05:30  INFO 23320 --- [quantity-measurement-app] [           main] q.QuantityMeasurementAppApplicationTests : Starting QuantityMeasurementAppApplicationTests using Java 23.0.2 with PID 23320 (started by ARYA in O:\QuantityMeasurementApp\QuantityMeasurementApp)
2026-04-14T18:17:04.966+05:30 DEBUG 23320 --- [quantity-measurement-app] [           main] q.QuantityMeasurementAppApplicationTests : Running with Spring Boot v3.2.3, Spring v6.1.4
2026-04-14T18:17:04.966+05:30  INFO 23320 --- [quantity-measurement-app] [           main] q.QuantityMeasurementAppApplicationTests : No active profile set, falling back to 1 default profile: "default"
2026-04-14T18:17:05.816+05:30  INFO 23320 --- [quantity-measurement-app] [           main] .s.d.r.c.RepositoryConfigurationDelegate : Bootstrapping Spring Data JPA repositories in DEFAULT mode.
2026-04-14T18:17:05.894+05:30  INFO 23320 --- [quantity-measurement-app] [           main] .s.d.r.c.RepositoryConfigurationDelegate : Finished Spring Data repository scanning in 54 ms. Found 3 JPA repository interfaces.
2026-04-14T18:17:06.647+05:30  INFO 23320 --- [quantity-measurement-app] [           main] o.s.b.w.embedded.tomcat.TomcatWebServer  : Tomcat initialized with port 0 (http)
2026-04-14T18:17:06.659+05:30  INFO 23320 --- [quantity-measurement-app] [           main] o.apache.catalina.core.StandardService   : Starting service [Tomcat]
2026-04-14T18:17:06.659+05:30  INFO 23320 --- [quantity-measurement-app] [           main] o.apache.catalina.core.StandardEngine    : Starting Servlet engine: [Apache Tomcat/10.1.19]
2026-04-14T18:17:06.724+05:30  INFO 23320 --- [quantity-measurement-app] [           main] o.a.c.c.C.[Tomcat].[localhost].[/]       : Initializing Spring embedded WebApplicationContext
2026-04-14T18:17:06.724+05:30  INFO 23320 --- [quantity-measurement-app] [           main] w.s.c.ServletWebServerApplicationContext : Root WebApplicationContext: initialization completed in 1758 ms
2026-04-14T18:17:06.910+05:30  INFO 23320 --- [quantity-measurement-app] [           main] com.zaxxer.hikari.HikariDataSource       : HikariPool-1 - Starting...
2026-04-14T18:17:07.136+05:30  INFO 23320 --- [quantity-measurement-app] [           main] com.zaxxer.hikari.pool.HikariPool        : HikariPool-1 - Added connection conn0: url=jdbc:h2:mem:quantitymeasurementdb user=SA
2026-04-14T18:17:07.141+05:30  INFO 23320 --- [quantity-measurement-app] [           main] com.zaxxer.hikari.HikariDataSource       : HikariPool-1 - Start completed.
2026-04-14T18:17:07.160+05:30  INFO 23320 --- [quantity-measurement-app] [           main] o.s.b.a.h2.H2ConsoleAutoConfiguration    : H2 console available at '/h2-console'. Database available at 'jdbc:h2:mem:quantitymeasurementdb'
2026-04-14T18:17:07.411+05:30  INFO 23320 --- [quantity-measurement-app] [           main] o.hibernate.jpa.internal.util.LogHelper  : HHH000204: Processing PersistenceUnitInfo [name: default]
2026-04-14T18:17:07.547+05:30  INFO 23320 --- [quantity-measurement-app] [           main] org.hibernate.Version                    : HHH000412: Hibernate ORM core version 6.4.4.Final
2026-04-14T18:17:07.577+05:30  INFO 23320 --- [quantity-measurement-app] [           main] o.h.c.internal.RegionFactoryInitiator    : HHH000026: Second-level cache disabled
2026-04-14T18:17:07.687+05:30  INFO 23320 --- [quantity-measurement-app] [           main] o.s.o.j.p.SpringPersistenceUnitInfo      : No LoadTimeWeaver setup: ignoring JPA class transformer
2026-04-14T18:17:07.762+05:30  WARN 23320 --- [quantity-measurement-app] [           main] org.hibernate.orm.deprecation            : HHH90000025: H2Dialect does not need to be specified explicitly using 'hibernate.dialect' (remove the property setting and it will be selected by default)
2026-04-14T18:17:08.641+05:30  INFO 23320 --- [quantity-measurement-app] [           main] o.h.e.t.j.p.i.JtaPlatformInitiator       : HHH000489: No JTA platform available (set 'hibernate.transaction.jta.platform' to enable JTA platform integration)
2026-04-14T18:17:08.657+05:30 DEBUG 23320 --- [quantity-measurement-app] [           main] org.hibernate.SQL                        : 
    drop table if exists quantity_measurements cascade 
Hibernate: 
    drop table if exists quantity_measurements cascade 
2026-04-14T18:17:08.666+05:30 DEBUG 23320 --- [quantity-measurement-app] [           main] org.hibernate.SQL                        : 
    drop table if exists roles cascade 
Hibernate: 
    drop table if exists roles cascade 
2026-04-14T18:17:08.666+05:30 DEBUG 23320 --- [quantity-measurement-app] [           main] org.hibernate.SQL                        : 
    drop table if exists user_roles cascade 
Hibernate: 
    drop table if exists user_roles cascade 
2026-04-14T18:17:08.666+05:30 DEBUG 23320 --- [quantity-measurement-app] [           main] org.hibernate.SQL                        : 
    drop table if exists users cascade 
Hibernate: 
    drop table if exists users cascade 
2026-04-14T18:17:08.674+05:30 DEBUG 23320 --- [quantity-measurement-app] [           main] org.hibernate.SQL                        : 
    create table quantity_measurements (
        is_error boolean not null,
        that_value float(53) not null,
        this_value float(53) not null,
        created_at timestamp(6),
        id bigint generated by default as identity,
        updated_at timestamp(6),
        error_message varchar(255),
        operation varchar(255),
        result_unit varchar(255),
        result_value varchar(255),
        that_measurement_type varchar(255),
        that_unit varchar(255),
        this_measurement_type varchar(255) not null,
        this_unit varchar(255) not null,
        primary key (id)
    )
Hibernate: 
    create table quantity_measurements (
        is_error boolean not null,
        that_value float(53) not null,
        this_value float(53) not null,
        created_at timestamp(6),
        id bigint generated by default as identity,
        updated_at timestamp(6),
        error_message varchar(255),
        operation varchar(255),
        result_unit varchar(255),
        result_value varchar(255),
        that_measurement_type varchar(255),
        that_unit varchar(255),
        this_measurement_type varchar(255) not null,
        this_unit varchar(255) not null,
        primary key (id)
    )
2026-04-14T18:17:08.690+05:30 DEBUG 23320 --- [quantity-measurement-app] [           main] org.hibernate.SQL                        : 
    create table roles (
        id bigint generated by default as identity,
        name varchar(255) not null unique check (name in ('ROLE_USER','ROLE_ADMIN')),
        primary key (id)
    )
Hibernate: 
    create table roles (
        id bigint generated by default as identity,
        name varchar(255) not null unique check (name in ('ROLE_USER','ROLE_ADMIN')),
        primary key (id)
    )
2026-04-14T18:17:08.697+05:30 DEBUG 23320 --- [quantity-measurement-app] [           main] org.hibernate.SQL                        : 
    create table user_roles (
        role_id bigint not null,
        user_id bigint not null,
        primary key (role_id, user_id)
    )
Hibernate: 
    create table user_roles (
        role_id bigint not null,
        user_id bigint not null,
        primary key (role_id, user_id)
    )
2026-04-14T18:17:08.698+05:30 DEBUG 23320 --- [quantity-measurement-app] [           main] org.hibernate.SQL                        : 
    create table users (
        enabled boolean not null,
        created_at timestamp(6),
        id bigint generated by default as identity,
        updated_at timestamp(6),
        email varchar(255) not null unique,
        full_name varchar(255),
        password varchar(255),
        provider varchar(255) not null,
        provider_id varchar(255),
        username varchar(255) not null unique,
        primary key (id)
    )
Hibernate: 
    create table users (
        enabled boolean not null,
        created_at timestamp(6),
        id bigint generated by default as identity,
        updated_at timestamp(6),
        email varchar(255) not null unique,
        full_name varchar(255),
        password varchar(255),
        provider varchar(255) not null,
        provider_id varchar(255),
        username varchar(255) not null unique,
        primary key (id)
    )
2026-04-14T18:17:08.698+05:30 DEBUG 23320 --- [quantity-measurement-app] [           main] org.hibernate.SQL                        : 
    create index idx_operation 
       on quantity_measurements (operation)
Hibernate: 
    create index idx_operation 
       on quantity_measurements (operation)
2026-04-14T18:17:08.698+05:30 DEBUG 23320 --- [quantity-measurement-app] [           main] org.hibernate.SQL                        : 
    create index idx_measurement_type 
       on quantity_measurements (this_measurement_type)
Hibernate: 
    create index idx_measurement_type 
       on quantity_measurements (this_measurement_type)
2026-04-14T18:17:08.703+05:30 DEBUG 23320 --- [quantity-measurement-app] [           main] org.hibernate.SQL                        : 
    alter table if exists user_roles 
       add constraint FKh8ciramu9cc9q3qcqiv4ue8a6 
       foreign key (role_id) 
       references roles
Hibernate: 
    alter table if exists user_roles 
       add constraint FKh8ciramu9cc9q3qcqiv4ue8a6 
       foreign key (role_id) 
       references roles
2026-04-14T18:17:08.707+05:30 DEBUG 23320 --- [quantity-measurement-app] [           main] org.hibernate.SQL                        : 
    alter table if exists user_roles 
       add constraint FKhfh9dx7w3ubf1co1vdev94g3f 
       foreign key (user_id) 
       references users
Hibernate: 
    alter table if exists user_roles 
       add constraint FKhfh9dx7w3ubf1co1vdev94g3f 
       foreign key (user_id) 
       references users
2026-04-14T18:17:08.715+05:30  INFO 23320 --- [quantity-measurement-app] [           main] j.LocalContainerEntityManagerFactoryBean : Initialized JPA EntityManagerFactory for persistence unit 'default'
2026-04-14T18:17:09.263+05:30 DEBUG 23320 --- [quantity-measurement-app] [           main] o.s.w.f.ServerHttpObservationFilter      : Filter 'webMvcObservationFilter' configured for use
2026-04-14T18:17:09.263+05:30 DEBUG 23320 --- [quantity-measurement-app] [           main] c.a.q.security.JwtAuthFilter             : Filter 'jwtAuthFilter' configured for use
2026-04-14T18:17:09.451+05:30  INFO 23320 --- [quantity-measurement-app] [           main] o.s.d.j.r.query.QueryEnhancerFactory     : Hibernate is in classpath; If applicable, HQL parser will be used.
2026-04-14T18:17:10.126+05:30  WARN 23320 --- [quantity-measurement-app] [           main] JpaBaseConfiguration$JpaWebConfiguration : spring.jpa.open-in-view is enabled by default. Therefore, database queries may be performed during view rendering. Explicitly configure spring.jpa.open-in-view to disable this warning
2026-04-14T18:17:10.201+05:30 DEBUG 23320 --- [quantity-measurement-app] [           main] s.w.s.m.m.a.RequestMappingHandlerMapping : 20 mappings in 'requestMappingHandlerMapping'
2026-04-14T18:17:10.298+05:30 DEBUG 23320 --- [quantity-measurement-app] [           main] o.s.w.s.handler.SimpleUrlHandlerMapping  : Patterns [/webjars/**, /**, /swagger-ui*/*swagger-initializer.js, /swagger-ui*/**] in 'resourceHandlerMapping'
2026-04-14T18:17:10.482+05:30  INFO 23320 --- [quantity-measurement-app] [           main] o.s.b.a.e.web.EndpointLinksResolver      : Exposing 3 endpoint(s) beneath base path '/actuator'
2026-04-14T18:17:10.532+05:30  INFO 23320 --- [quantity-measurement-app] [           main] o.s.s.web.DefaultSecurityFilterChain     : Will secure any request with [org.springframework.security.web.session.DisableEncodeUrlFilter@4a281ae0, org.springframework.security.web.context.request.async.WebAsyncManagerIntegrationFilter@55c445e5, org.springframework.security.web.context.SecurityContextHolderFilter@2683fbab, org.springframework.security.web.header.HeaderWriterFilter@438fc55e, org.springframework.security.web.authentication.logout.LogoutFilter@5ea15dd4, org.springframework.security.web.savedrequest.RequestCacheAwareFilter@290def7d, org.springframework.security.web.servletapi.SecurityContextHolderAwareRequestFilter@110ed523, org.springframework.security.web.authentication.AnonymousAuthenticationFilter@7144cd51, org.springframework.security.web.access.ExceptionTranslationFilter@623f27a9, org.springframework.security.web.access.intercept.AuthorizationFilter@7f1c1df5]
2026-04-14T18:17:10.631+05:30 DEBUG 23320 --- [quantity-measurement-app] [           main] s.w.s.m.m.a.RequestMappingHandlerAdapter : ControllerAdvice beans: 0 @ModelAttribute, 0 @InitBinder, 1 RequestBodyAdvice, 1 ResponseBodyAdvice
2026-04-14T18:17:10.639+05:30 DEBUG 23320 --- [quantity-measurement-app] [           main] .m.m.a.ExceptionHandlerExceptionResolver : ControllerAdvice beans: 2 @ExceptionHandler, 1 ResponseBodyAdvice
2026-04-14T18:17:11.192+05:30  INFO 23320 --- [quantity-measurement-app] [           main] o.s.b.w.embedded.tomcat.TomcatWebServer  : Tomcat started on port 62341 (http) with context path ''
2026-04-14T18:17:11.196+05:30  INFO 23320 --- [quantity-measurement-app] [           main] q.QuantityMeasurementAppApplicationTests : Started QuantityMeasurementAppApplicationTests in 6.269 seconds (process running for 11.756)
2026-04-14T18:17:11.376+05:30 DEBUG 23320 --- [quantity-measurement-app] [           main] o.s.web.client.RestTemplate              : HTTP GET http://localhost:62341/api/v1/quantities/history/operation/COMPARE
2026-04-14T18:17:11.386+05:30 DEBUG 23320 --- [quantity-measurement-app] [           main] o.s.web.client.RestTemplate              : Accept=[text/plain, application/json, application/*+json, */*]
2026-04-14T18:17:11.496+05:30  INFO 23320 --- [quantity-measurement-app] [o-auto-1-exec-1] o.a.c.c.C.[Tomcat].[localhost].[/]       : Initializing Spring DispatcherServlet 'dispatcherServlet'
2026-04-14T18:17:11.496+05:30  INFO 23320 --- [quantity-measurement-app] [o-auto-1-exec-1] o.s.web.servlet.DispatcherServlet        : Initializing Servlet 'dispatcherServlet'
2026-04-14T18:17:11.496+05:30 DEBUG 23320 --- [quantity-measurement-app] [o-auto-1-exec-1] o.s.web.servlet.DispatcherServlet        : Detected StandardServletMultipartResolver
2026-04-14T18:17:11.496+05:30 DEBUG 23320 --- [quantity-measurement-app] [o-auto-1-exec-1] o.s.web.servlet.DispatcherServlet        : Detected AcceptHeaderLocaleResolver
2026-04-14T18:17:11.496+05:30 DEBUG 23320 --- [quantity-measurement-app] [o-auto-1-exec-1] o.s.web.servlet.DispatcherServlet        : Detected FixedThemeResolver
2026-04-14T18:17:11.496+05:30 DEBUG 23320 --- [quantity-measurement-app] [o-auto-1-exec-1] o.s.web.servlet.DispatcherServlet        : Detected org.springframework.web.servlet.view.DefaultRequestToViewNameTranslator@7f78cca6
2026-04-14T18:17:11.496+05:30 DEBUG 23320 --- [quantity-measurement-app] [o-auto-1-exec-1] o.s.web.servlet.DispatcherServlet        : Detected org.springframework.web.servlet.support.SessionFlashMapManager@34d5d5f7
2026-04-14T18:17:11.496+05:30 DEBUG 23320 --- [quantity-measurement-app] [o-auto-1-exec-1] o.s.web.servlet.DispatcherServlet        : enableLoggingRequestDetails='false': request parameters and headers will be masked to prevent unsafe logging of potentially sensitive data
2026-04-14T18:17:11.496+05:30  INFO 23320 --- [quantity-measurement-app] [o-auto-1-exec-1] o.s.web.servlet.DispatcherServlet        : Completed initialization in 0 ms
2026-04-14T18:17:11.516+05:30 DEBUG 23320 --- [quantity-measurement-app] [o-auto-1-exec-1] o.s.web.servlet.DispatcherServlet        : GET "/api/v1/quantities/history/operation/COMPARE", parameters={}
2026-04-14T18:17:11.516+05:30 DEBUG 23320 --- [quantity-measurement-app] [o-auto-1-exec-1] s.w.s.m.m.a.RequestMappingHandlerMapping : Mapped to com.app.quantitymeasurement.controller.QuantityMeasurementController#getByOperation(String)
2026-04-14T18:17:11.626+05:30 DEBUG 23320 --- [quantity-measurement-app] [o-auto-1-exec-1] org.hibernate.SQL                        : 
    select
        qme1_0.id,
        qme1_0.created_at,
        qme1_0.error_message,
        qme1_0.is_error,
        qme1_0.operation,
        qme1_0.result_unit,
        qme1_0.result_value,
        qme1_0.that_measurement_type,
        qme1_0.that_unit,
        qme1_0.that_value,
        qme1_0.this_measurement_type,
        qme1_0.this_unit,
        qme1_0.this_value,
        qme1_0.updated_at 
    from
        quantity_measurements qme1_0 
    where
        qme1_0.operation=?
Hibernate: 
    select
        qme1_0.id,
        qme1_0.created_at,
        qme1_0.error_message,
        qme1_0.is_error,
        qme1_0.operation,
        qme1_0.result_unit,
        qme1_0.result_value,
        qme1_0.that_measurement_type,
        qme1_0.that_unit,
        qme1_0.that_value,
        qme1_0.this_measurement_type,
        qme1_0.this_unit,
        qme1_0.this_value,
        qme1_0.updated_at 
    from
        quantity_measurements qme1_0 
    where
        qme1_0.operation=?
2026-04-14T18:17:11.651+05:30 DEBUG 23320 --- [quantity-measurement-app] [o-auto-1-exec-1] o.s.w.s.m.m.a.HttpEntityMethodProcessor  : Using 'application/json', given [text/plain, application/json, application/*+json, */*] and supported [application/json, application/*+json]
2026-04-14T18:17:11.651+05:30 DEBUG 23320 --- [quantity-measurement-app] [o-auto-1-exec-1] o.s.w.s.m.m.a.HttpEntityMethodProcessor  : Writing [[]]
2026-04-14T18:17:11.655+05:30 DEBUG 23320 --- [quantity-measurement-app] [o-auto-1-exec-1] o.s.web.servlet.DispatcherServlet        : Completed 200 OK
2026-04-14T18:17:11.655+05:30 DEBUG 23320 --- [quantity-measurement-app] [           main] o.s.web.client.RestTemplate              : Response 200 OK
2026-04-14T18:17:11.656+05:30 DEBUG 23320 --- [quantity-measurement-app] [           main] o.s.web.client.RestTemplate              : Reading to [java.lang.String] as "application/json"
]]></system-out>
  </testcase>
  <testcase name="testActuatorHealth" classname="com.app.quantitymeasurement.QuantityMeasurementAppApplicationTests" time="0.06">
    <system-out><![CDATA[2026-04-14T18:17:11.706+05:30 DEBUG 23320 --- [quantity-measurement-app] [           main] o.s.web.client.RestTemplate              : HTTP GET http://localhost:62341/actuator/health
2026-04-14T18:17:11.706+05:30 DEBUG 23320 --- [quantity-measurement-app] [           main] o.s.web.client.RestTemplate              : Accept=[text/plain, application/json, application/*+json, */*]
2026-04-14T18:17:11.716+05:30 DEBUG 23320 --- [quantity-measurement-app] [o-auto-1-exec-2] o.s.web.servlet.DispatcherServlet        : GET "/actuator/health", parameters={}
2026-04-14T18:17:11.721+05:30 DEBUG 23320 --- [quantity-measurement-app] [o-auto-1-exec-2] m.m.a.RequestResponseBodyMethodProcessor : Read "application/octet-stream" to []
2026-04-14T18:17:11.742+05:30 DEBUG 23320 --- [quantity-measurement-app] [o-auto-1-exec-2] o.s.w.s.m.m.a.HttpEntityMethodProcessor  : Using 'application/json', given [text/plain, application/json, application/*+json, */*] and supported [application/vnd.spring-boot.actuator.v3+json, application/vnd.spring-boot.actuator.v2+json, application/json]
2026-04-14T18:17:11.753+05:30 DEBUG 23320 --- [quantity-measurement-app] [o-auto-1-exec-2] o.s.w.s.m.m.a.HttpEntityMethodProcessor  : Writing [org.springframework.boot.actuate.health.SystemHealth@685ca5e1]
2026-04-14T18:17:11.758+05:30 DEBUG 23320 --- [quantity-measurement-app] [           main] o.s.web.client.RestTemplate              : Response 200 OK
2026-04-14T18:17:11.758+05:30 DEBUG 23320 --- [quantity-measurement-app] [o-auto-1-exec-2] o.s.web.servlet.DispatcherServlet        : Completed 200 OK
2026-04-14T18:17:11.758+05:30 DEBUG 23320 --- [quantity-measurement-app] [           main] o.s.web.client.RestTemplate              : Reading to [java.lang.String] as "application/json"
]]></system-out>
  </testcase>
  <testcase name="testCompareQuantities_EqualLengths" classname="com.app.quantitymeasurement.QuantityMeasurementAppApplicationTests" time="0.147">
    <system-out><![CDATA[2026-04-14T18:17:11.769+05:30 DEBUG 23320 --- [quantity-measurement-app] [           main] o.s.web.client.RestTemplate              : HTTP POST http://localhost:62341/api/v1/quantities/compare
2026-04-14T18:17:11.776+05:30 DEBUG 23320 --- [quantity-measurement-app] [           main] o.s.web.client.RestTemplate              : Accept=[application/json, application/*+json]
2026-04-14T18:17:11.780+05:30 DEBUG 23320 --- [quantity-measurement-app] [           main] o.s.web.client.RestTemplate              : Writing [QuantityInputDTO(thisQuantityDTO=QuantityDTO(value=1.0, unit=FEET, measurementType=LengthUnit, operationType=null), thatQuantityDTO=QuantityDTO(value=12.0, unit=INCHES, measurementType=LengthUnit, operationType=null), targetUnit=null)] with org.springframework.http.converter.json.MappingJackson2HttpMessageConverter
2026-04-14T18:17:11.791+05:30 DEBUG 23320 --- [quantity-measurement-app] [o-auto-1-exec-3] o.s.web.servlet.DispatcherServlet        : POST "/api/v1/quantities/compare", parameters={}
2026-04-14T18:17:11.791+05:30 DEBUG 23320 --- [quantity-measurement-app] [o-auto-1-exec-3] s.w.s.m.m.a.RequestMappingHandlerMapping : Mapped to com.app.quantitymeasurement.controller.QuantityMeasurementController#compareQuantities(QuantityInputDTO)
2026-04-14T18:17:11.796+05:30 DEBUG 23320 --- [quantity-measurement-app] [o-auto-1-exec-3] m.m.a.RequestResponseBodyMethodProcessor : Read "application/json;charset=UTF-8" to [QuantityInputDTO(thisQuantityDTO=QuantityDTO(value=1.0, unit=FEET, measurementType=LengthUnit, opera (truncated)...]
2026-04-14T18:17:11.809+05:30  INFO 23320 --- [quantity-measurement-app] [o-auto-1-exec-3] c.a.q.c.QuantityMeasurementController    : POST/compare
2026-04-14T18:17:11.809+05:30  INFO 23320 --- [quantity-measurement-app] [o-auto-1-exec-3] c.a.q.s.i.QuantityMeasurementServiceImpl : COMPARE 1.0 FEET == 12.0 INCHES → true
2026-04-14T18:17:11.849+05:30 DEBUG 23320 --- [quantity-measurement-app] [o-auto-1-exec-3] org.hibernate.SQL                        : 
    insert 
    into
        quantity_measurements
        (created_at, error_message, is_error, operation, result_unit, result_value, that_measurement_type, that_unit, that_value, this_measurement_type, this_unit, this_value, updated_at, id) 
    values
        (?, ?, ?, ?, ?, ?, ?, ?, ?, ?, ?, ?, ?, default)
Hibernate: 
    insert 
    into
        quantity_measurements
        (created_at, error_message, is_error, operation, result_unit, result_value, that_measurement_type, that_unit, that_value, this_measurement_type, this_unit, this_value, updated_at, id) 
    values
        (?, ?, ?, ?, ?, ?, ?, ?, ?, ?, ?, ?, ?, default)
2026-04-14T18:17:11.899+05:30 DEBUG 23320 --- [quantity-measurement-app] [o-auto-1-exec-3] o.s.w.s.m.m.a.HttpEntityMethodProcessor  : Using 'application/json', given [application/json, application/*+json] and supported [application/json, application/*+json]
2026-04-14T18:17:11.899+05:30 DEBUG 23320 --- [quantity-measurement-app] [o-auto-1-exec-3] o.s.w.s.m.m.a.HttpEntityMethodProcessor  : Writing [QuantityMeasurementDTO(id=1, thisValue=1.0, thisUnit=FEET, thisMeasurementType=LengthUnit, thatValue (truncated)...]
2026-04-14T18:17:11.899+05:30 DEBUG 23320 --- [quantity-measurement-app] [           main] o.s.web.client.RestTemplate              : Response 200 OK
2026-04-14T18:17:11.899+05:30 DEBUG 23320 --- [quantity-measurement-app] [           main] o.s.web.client.RestTemplate              : Reading to [com.app.quantitymeasurement.dto.QuantityMeasurementDTO]
2026-04-14T18:17:11.899+05:30 DEBUG 23320 --- [quantity-measurement-app] [o-auto-1-exec-3] o.s.web.servlet.DispatcherServlet        : Completed 200 OK
]]></system-out>
  </testcase>
  <testcase name="testCrossCategoryAdd_ReturnsError" classname="com.app.quantitymeasurement.QuantityMeasurementAppApplicationTests" time="0.034">
    <system-out><![CDATA[2026-04-14T18:17:11.922+05:30 DEBUG 23320 --- [quantity-measurement-app] [           main] o.s.web.client.RestTemplate              : HTTP POST http://localhost:62341/api/v1/quantities/add
2026-04-14T18:17:11.924+05:30 DEBUG 23320 --- [quantity-measurement-app] [           main] o.s.web.client.RestTemplate              : Accept=[application/json, application/*+json]
2026-04-14T18:17:11.924+05:30 DEBUG 23320 --- [quantity-measurement-app] [           main] o.s.web.client.RestTemplate              : Writing [QuantityInputDTO(thisQuantityDTO=QuantityDTO(value=1.0, unit=FEET, measurementType=LengthUnit, operationType=null), thatQuantityDTO=QuantityDTO(value=1.0, unit=KILOGRAM, measurementType=WeightUnit, operationType=null), targetUnit=null)] with org.springframework.http.converter.json.MappingJackson2HttpMessageConverter
2026-04-14T18:17:11.936+05:30 DEBUG 23320 --- [quantity-measurement-app] [o-auto-1-exec-4] o.s.web.servlet.DispatcherServlet        : POST "/api/v1/quantities/add", parameters={}
2026-04-14T18:17:11.936+05:30 DEBUG 23320 --- [quantity-measurement-app] [o-auto-1-exec-4] s.w.s.m.m.a.RequestMappingHandlerMapping : Mapped to com.app.quantitymeasurement.controller.QuantityMeasurementController#addQuantities(QuantityInputDTO)
2026-04-14T18:17:11.936+05:30 DEBUG 23320 --- [quantity-measurement-app] [o-auto-1-exec-4] m.m.a.RequestResponseBodyMethodProcessor : Read "application/json;charset=UTF-8" to [QuantityInputDTO(thisQuantityDTO=QuantityDTO(value=1.0, unit=FEET, measurementType=LengthUnit, opera (truncated)...]
2026-04-14T18:17:11.936+05:30 ERROR 23320 --- [quantity-measurement-app] [o-auto-1-exec-4] c.a.q.s.i.QuantityMeasurementServiceImpl : add Error: Cross-category operation not allowed
2026-04-14T18:17:11.936+05:30 DEBUG 23320 --- [quantity-measurement-app] [o-auto-1-exec-4] org.hibernate.SQL                        : 
    insert 
    into
        quantity_measurements
        (created_at, error_message, is_error, operation, result_unit, result_value, that_measurement_type, that_unit, that_value, this_measurement_type, this_unit, this_value, updated_at, id) 
    values
        (?, ?, ?, ?, ?, ?, ?, ?, ?, ?, ?, ?, ?, default)
Hibernate: 
    insert 
    into
        quantity_measurements
        (created_at, error_message, is_error, operation, result_unit, result_value, that_measurement_type, that_unit, that_value, this_measurement_type, this_unit, this_value, updated_at, id) 
    values
        (?, ?, ?, ?, ?, ?, ?, ?, ?, ?, ?, ?, ?, default)
2026-04-14T18:17:11.945+05:30 DEBUG 23320 --- [quantity-measurement-app] [o-auto-1-exec-4] o.s.w.s.m.m.a.HttpEntityMethodProcessor  : Using 'application/json', given [application/json, application/*+json] and supported [application/json, application/*+json]
2026-04-14T18:17:11.945+05:30 DEBUG 23320 --- [quantity-measurement-app] [o-auto-1-exec-4] o.s.w.s.m.m.a.HttpEntityMethodProcessor  : Writing [QuantityMeasurementDTO(id=2, thisValue=1.0, thisUnit=FEET, thisMeasurementType=LengthUnit, thatValue (truncated)...]
2026-04-14T18:17:11.946+05:30 DEBUG 23320 --- [quantity-measurement-app] [o-auto-1-exec-4] o.s.web.servlet.DispatcherServlet        : Completed 200 OK
2026-04-14T18:17:11.946+05:30 DEBUG 23320 --- [quantity-measurement-app] [           main] o.s.web.client.RestTemplate              : Response 200 OK
2026-04-14T18:17:11.946+05:30 DEBUG 23320 --- [quantity-measurement-app] [           main] o.s.web.client.RestTemplate              : Reading to [com.app.quantitymeasurement.dto.QuantityMeasurementDTO]
]]></system-out>
  </testcase>
  <testcase name="testAddQuantities_FeetPlusInches" classname="com.app.quantitymeasurement.QuantityMeasurementAppApplicationTests" time="0.027">
    <system-out><![CDATA[2026-04-14T18:17:11.956+05:30 DEBUG 23320 --- [quantity-measurement-app] [           main] o.s.web.client.RestTemplate              : HTTP POST http://localhost:62341/api/v1/quantities/add
2026-04-14T18:17:11.956+05:30 DEBUG 23320 --- [quantity-measurement-app] [           main] o.s.web.client.RestTemplate              : Accept=[application/json, application/*+json]
2026-04-14T18:17:11.956+05:30 DEBUG 23320 --- [quantity-measurement-app] [           main] o.s.web.client.RestTemplate              : Writing [QuantityInputDTO(thisQuantityDTO=QuantityDTO(value=1.0, unit=FEET, measurementType=LengthUnit, operationType=null), thatQuantityDTO=QuantityDTO(value=12.0, unit=INCHES, measurementType=LengthUnit, operationType=null), targetUnit=null)] with org.springframework.http.converter.json.MappingJackson2HttpMessageConverter
2026-04-14T18:17:11.970+05:30 DEBUG 23320 --- [quantity-measurement-app] [o-auto-1-exec-5] o.s.web.servlet.DispatcherServlet        : POST "/api/v1/quantities/add", parameters={}
2026-04-14T18:17:11.970+05:30 DEBUG 23320 --- [quantity-measurement-app] [o-auto-1-exec-5] s.w.s.m.m.a.RequestMappingHandlerMapping : Mapped to com.app.quantitymeasurement.controller.QuantityMeasurementController#addQuantities(QuantityInputDTO)
2026-04-14T18:17:11.970+05:30 DEBUG 23320 --- [quantity-measurement-app] [o-auto-1-exec-5] m.m.a.RequestResponseBodyMethodProcessor : Read "application/json;charset=UTF-8" to [QuantityInputDTO(thisQuantityDTO=QuantityDTO(value=1.0, unit=FEET, measurementType=LengthUnit, opera (truncated)...]
2026-04-14T18:17:11.970+05:30 DEBUG 23320 --- [quantity-measurement-app] [o-auto-1-exec-5] org.hibernate.SQL                        : 
    insert 
    into
        quantity_measurements
        (created_at, error_message, is_error, operation, result_unit, result_value, that_measurement_type, that_unit, that_value, this_measurement_type, this_unit, this_value, updated_at, id) 
    values
        (?, ?, ?, ?, ?, ?, ?, ?, ?, ?, ?, ?, ?, default)
Hibernate: 
    insert 
    into
        quantity_measurements
        (created_at, error_message, is_error, operation, result_unit, result_value, that_measurement_type, that_unit, that_value, this_measurement_type, this_unit, this_value, updated_at, id) 
    values
        (?, ?, ?, ?, ?, ?, ?, ?, ?, ?, ?, ?, ?, default)
2026-04-14T18:17:11.970+05:30 DEBUG 23320 --- [quantity-measurement-app] [o-auto-1-exec-5] o.s.w.s.m.m.a.HttpEntityMethodProcessor  : Using 'application/json', given [application/json, application/*+json] and supported [application/json, application/*+json]
2026-04-14T18:17:11.970+05:30 DEBUG 23320 --- [quantity-measurement-app] [o-auto-1-exec-5] o.s.w.s.m.m.a.HttpEntityMethodProcessor  : Writing [QuantityMeasurementDTO(id=3, thisValue=1.0, thisUnit=FEET, thisMeasurementType=LengthUnit, thatValue (truncated)...]
2026-04-14T18:17:11.977+05:30 DEBUG 23320 --- [quantity-measurement-app] [           main] o.s.web.client.RestTemplate              : Response 200 OK
2026-04-14T18:17:11.977+05:30 DEBUG 23320 --- [quantity-measurement-app] [o-auto-1-exec-5] o.s.web.servlet.DispatcherServlet        : Completed 200 OK
2026-04-14T18:17:11.977+05:30 DEBUG 23320 --- [quantity-measurement-app] [           main] o.s.web.client.RestTemplate              : Reading to [com.app.quantitymeasurement.dto.QuantityMeasurementDTO]
]]></system-out>
  </testcase>
  <testcase name="contextLoads" classname="com.app.quantitymeasurement.QuantityMeasurementAppApplicationTests" time="0.006"/>
</testsuite>