<?xml version="1.0" encoding="UTF-8"?>
<testsuite xmlns:xsi="http://www.w3.org/2001/XMLSchema-instance" xsi:noNamespaceSchemaLocation="https://maven.apache.org/surefire/maven-surefire-plugin/xsd/surefire-test-report-3.0.xsd" version="3.0" name="com.app.quantitymeasurement.controller.QuantityMeasurementControllerTest" time="4.786" tests="2" errors="0" skipped="0" failures="0">
  <properties>
[...]
</properties>
  <testcase name="testInvalidInput_Returns400" classname="com.app.quantitymeasurement.controller.QuantityMeasurementControllerTest" time="0.395">
    <system-out><![CDATA[18:17:00.281 [main] INFO org.springframework.test.context.support.AnnotationConfigContextLoaderUtils -- Could not detect default configuration classes for test class [com.app.quantitymeasurement.controller.QuantityMeasurementControllerTest]: QuantityMeasurementControllerTest does not declare any static, non-private, non-final, nested classes annotated with @Configuration.
18:17:00.525 [main] INFO org.springframework.boot.test.context.SpringBootTestContextBootstrapper -- Found @SpringBootConfiguration com.app.quantitymeasurement.QuantityMeasurementAppApplication for test class com.app.quantitymeasurement.controller.QuantityMeasurementControllerTest

  .   ____          _            __ _ _
 /\\ / ___'_ __ _ _(_)_ __  __ _ \ \ \ \
( ( )\___ | '_ | '_| | '_ \/ _` | \ \ \ \
 \\/  ___)| |_)| | | | | || (_| |  ) ) ) )
  '  |____| .__|_| |_|_| |_\__, | / / / /
 =========|_|==============|___/=/_/_/_/
 :: Spring Boot ::                (v3.2.3)

2026-04-14T18:17:01.074+05:30  INFO 23320 --- [quantity-measurement-app] [           main] .a.q.c.QuantityMeasurementControllerTest : Starting QuantityMeasurementControllerTest using Java 23.0.2 with PID 23320 (started by ARYA in O:\QuantityMeasurementApp\QuantityMeasurementApp)
2026-04-14T18:17:01.076+05:30 DEBUG 23320 --- [quantity-measurement-app] [           main] .a.q.c.QuantityMeasurementControllerTest : Running with Spring Boot v3.2.3, Spring v6.1.4
2026-04-14T18:17:01.077+05:30  INFO 23320 --- [quantity-measurement-app] [           main] .a.q.c.QuantityMeasurementControllerTest : No active profile set, falling back to 1 default profile: "default"
2026-04-14T18:17:01.097+05:30 DEBUG 23320 --- [quantity-measurement-app] [           main] o.s.w.c.s.GenericWebApplicationContext   : Refreshing org.springframework.web.context.support.GenericWebApplicationContext@3f4f9acd
2026-04-14T18:17:03.646+05:30 DEBUG 23320 --- [quantity-measurement-app] [           main] s.w.s.m.m.a.RequestMappingHandlerMapping : 11 mappings in 'requestMappingHandlerMapping'
2026-04-14T18:17:03.813+05:30 DEBUG 23320 --- [quantity-measurement-app] [           main] o.s.w.s.handler.SimpleUrlHandlerMapping  : Patterns [/webjars/**, /**] in 'resourceHandlerMapping'
2026-04-14T18:17:03.903+05:30 DEBUG 23320 --- [quantity-measurement-app] [           main] s.w.s.m.m.a.RequestMappingHandlerAdapter : ControllerAdvice beans: 0 @ModelAttribute, 0 @InitBinder, 1 RequestBodyAdvice, 1 ResponseBodyAdvice
2026-04-14T18:17:03.951+05:30 DEBUG 23320 --- [quantity-measurement-app] [           main] .m.m.a.ExceptionHandlerExceptionResolver : ControllerAdvice beans: 1 @ExceptionHandler, 1 ResponseBodyAdvice
2026-04-14T18:17:04.236+05:30  INFO 23320 --- [quantity-measurement-app] [           main] o.s.s.web.DefaultSecurityFilterChain     : Will secure any request with [org.springframework.security.web.session.DisableEncodeUrlFilter@410382cb, org.springframework.security.web.context.request.async.WebAsyncManagerIntegrationFilter@399f5daf, org.springframework.security.web.context.SecurityContextHolderFilter@222d9d4f, org.springframework.security.web.header.HeaderWriterFilter@369ad7da, org.springframework.web.filter.CorsFilter@c4cceb, org.springframework.security.web.csrf.CsrfFilter@517fbf62, org.springframework.security.web.authentication.logout.LogoutFilter@7f2c995b, org.springframework.security.oauth2.client.web.OAuth2AuthorizationRequestRedirectFilter@65af05b2, org.springframework.security.oauth2.client.web.OAuth2AuthorizationRequestRedirectFilter@604c7e9b, org.springframework.security.oauth2.client.web.OAuth2LoginAuthenticationFilter@7d537616, org.springframework.security.web.authentication.ui.DefaultLoginPageGeneratingFilter@528e5e38, org.springframework.security.web.authentication.ui.DefaultLogoutPageGeneratingFilter@29f3185c, org.springframework.security.web.savedrequest.RequestCacheAwareFilter@a4df251, org.springframework.security.web.servletapi.SecurityContextHolderAwareRequestFilter@71e7830a, org.springframework.security.web.authentication.AnonymousAuthenticationFilter@74bbc273, org.springframework.security.oauth2.client.web.OAuth2AuthorizationCodeGrantFilter@4bf8b77, org.springframework.security.web.access.ExceptionTranslationFilter@4fa8bebb, org.springframework.security.web.access.intercept.AuthorizationFilter@632d4cf2]
2026-04-14T18:17:04.336+05:30  INFO 23320 --- [quantity-measurement-app] [           main] o.s.b.t.m.w.SpringBootMockServletContext : Initializing Spring TestDispatcherServlet ''
2026-04-14T18:17:04.336+05:30  INFO 23320 --- [quantity-measurement-app] [           main] o.s.t.web.servlet.TestDispatcherServlet  : Initializing Servlet ''
2026-04-14T18:17:04.346+05:30  INFO 23320 --- [quantity-measurement-app] [           main] o.s.t.web.servlet.TestDispatcherServlet  : Completed initialization in 10 ms
2026-04-14T18:17:04.376+05:30  INFO 23320 --- [quantity-measurement-app] [           main] .a.q.c.QuantityMeasurementControllerTest : Started QuantityMeasurementControllerTest in 3.729 seconds (process running for 4.932)
2026-04-14T18:17:04.586+05:30 DEBUG 23320 --- [quantity-measurement-app] [           main] s.w.s.m.m.a.RequestMappingHandlerMapping : Mapped to com.app.quantitymeasurement.controller.QuantityMeasurementController#compareQuantities(QuantityInputDTO)
2026-04-14T18:17:04.642+05:30 DEBUG 23320 --- [quantity-measurement-app] [           main] m.m.a.RequestResponseBodyMethodProcessor : Read "application/json" to [QuantityInputDTO(thisQuantityDTO=QuantityDTO(value=1.0, unit=FOOT, measurementType=LengthUnit, opera (truncated)...]
2026-04-14T18:17:04.727+05:30 DEBUG 23320 --- [quantity-measurement-app] [           main] .m.m.a.ExceptionHandlerExceptionResolver : Using @ExceptionHandler com.app.quantitymeasurement.exception.GlobalExceptionHandler#handleValidationException(MethodArgumentNotValidException, HttpServletRequest)
2026-04-14T18:17:04.738+05:30 DEBUG 23320 --- [quantity-measurement-app] [           main] o.s.w.s.m.m.a.HttpEntityMethodProcessor  : Using 'application/json', given [*/*] and supported [application/json, application/*+json]
2026-04-14T18:17:04.738+05:30 DEBUG 23320 --- [quantity-measurement-app] [           main] o.s.w.s.m.m.a.HttpEntityMethodProcessor  : Writing [{timestamp=2026-04-14T18:17:04.727048100, status=400, error=Quantity Measurement Error, message=Unit (truncated)...]
2026-04-14T18:17:04.747+05:30 DEBUG 23320 --- [quantity-measurement-app] [           main] .m.m.a.ExceptionHandlerExceptionResolver : Resolved [org.springframework.web.bind.MethodArgumentNotValidException: Validation failed for argument [0] in public org.springframework.http.ResponseEntity<com.app.quantitymeasurement.dto.QuantityMeasurementDTO> com.app.quantitymeasurement.controller.QuantityMeasurementController.compareQuantities(com.app.quantitymeasurement.dto.QuantityInputDTO): [Field error in object 'quantityInputDTO' on field 'thisQuantityDTO.unitValidForType': rejected value [false]; codes [AssertTrue.quantityInputDTO.thisQuantityDTO.unitValidForType,AssertTrue.thisQuantityDTO.unitValidForType,AssertTrue.unitValidForType,AssertTrue.boolean,AssertTrue]; arguments [org.springframework.context.support.DefaultMessageSourceResolvable: codes [quantityInputDTO.thisQuantityDTO.unitValidForType,thisQuantityDTO.unitValidForType]; arguments []; default message [thisQuantityDTO.unitValidForType]]; default message [Unit must be valid for the specified measurement type]] ]
]]></system-out>
    <system-err><![CDATA[WARNING: A Java agent has been loaded dynamically (C:\Users\ARYA\.m2\repository\net\bytebuddy\byte-buddy-agent\1.14.12\byte-buddy-agent-1.14.12.jar)
WARNING: If a serviceability tool is in use, please run with -XX:+EnableDynamicAgentLoading to hide this warning
WARNING: If a serviceability tool is not in use, please run with -Djdk.instrument.traceUsage for more information
WARNING: Dynamic loading of agents will be disallowed by default in a future release
]]></system-err>
  </testcase>
  <testcase name="testCompareQuantities_Returns200" classname="com.app.quantitymeasurement.controller.QuantityMeasurementControllerTest" time="0.073">
    <system-out><![CDATA[2026-04-14T18:17:04.820+05:30 DEBUG 23320 --- [quantity-measurement-app] [           main] s.w.s.m.m.a.RequestMappingHandlerMapping : Mapped to com.app.quantitymeasurement.controller.QuantityMeasurementController#compareQuantities(QuantityInputDTO)
2026-04-14T18:17:04.827+05:30 DEBUG 23320 --- [quantity-measurement-app] [           main] m.m.a.RequestResponseBodyMethodProcessor : Read "application/json" to [QuantityInputDTO(thisQuantityDTO=QuantityDTO(value=1.0, unit=FEET, measurementType=LengthUnit, opera (truncated)...]
2026-04-14T18:17:04.827+05:30  INFO 23320 --- [quantity-measurement-app] [           main] c.a.q.c.QuantityMeasurementController    : POST/compare
2026-04-14T18:17:04.831+05:30 DEBUG 23320 --- [quantity-measurement-app] [           main] o.s.w.s.m.m.a.HttpEntityMethodProcessor  : Using 'application/json', given [*/*] and supported [application/json, application/*+json]
2026-04-14T18:17:04.847+05:30 DEBUG 23320 --- [quantity-measurement-app] [           main] o.s.w.s.m.m.a.HttpEntityMethodProcessor  : Writing [QuantityMeasurementDTO(id=null, thisValue=0.0, thisUnit=null, thisMeasurementType=null, thatValue=0. (truncated)...]
]]></system-out>
  </testcase>
</testsuite>